2024-10-23 16:05:50.681 | INFO     | __main__:train:124 - =========
第1轮平均loss:5.066138
2024-10-23 16:05:50.860 | INFO     | __main__:train:125 - 让他在半年之前，就不能做出来，但也不会有吧？[ U N K ]
2024-10-23 16:05:51.032 | INFO     | __main__:train:126 - 李慕站在山路上，深深的呼吸口气息，说道：[ U N K ]你们
2024-10-23 16:07:34.323 | INFO     | __main__:train:124 - =========
第2轮平均loss:4.128091
2024-10-23 16:07:34.477 | INFO     | __main__:train:125 - 让他在半年之前，就不能做出了一些日子，他们在这里，他们在这里的
2024-10-23 16:07:34.717 | INFO     | __main__:train:126 - 李慕站在山路上，深深的呼吸收集的，说道：[ U N K ][ U N K ]
2024-10-23 16:09:07.699 | INFO     | __main__:train:124 - =========
第3轮平均loss:3.929224
2024-10-23 16:09:07.855 | INFO     | __main__:train:125 - 让他在半年之前，就不能做出一个月前的事，他又是一些人，李慕的身
2024-10-23 16:09:07.941 | INFO     | __main__:train:126 - 李慕站在山路上，深深的呼吸口气，说道：[ U N K ]李慕，
2024-10-23 16:10:39.299 | INFO     | __main__:train:124 - =========
第4轮平均loss:3.840383
2024-10-23 16:10:39.453 | INFO     | __main__:train:125 - 让他在半年之前，就不能做出来的事情，李慕的事情，这样的事情，李
2024-10-23 16:10:39.524 | INFO     | __main__:train:126 - 李慕站在山路上，深深的呼吸口气，说道：[ U N K ][ U N K ]
2024-10-23 16:12:06.510 | INFO     | __main__:train:124 - =========
第5轮平均loss:3.765262
2024-10-23 16:12:06.663 | INFO     | __main__:train:125 - 让他在半年之前，就不能做出这么好了，他们的事情，他们的事实，他
2024-10-23 16:12:06.748 | INFO     | __main__:train:126 - 李慕站在山路上，深深的呼吸口气中涌动，说道：[ U N K ]
2024-10-23 16:13:43.901 | INFO     | __main__:train:124 - =========
第6轮平均loss:3.695601
2024-10-23 16:13:44.058 | INFO     | __main__:train:125 - 让他在半年之前，就不能做出什么不过，但也不是他们的事情，他们的
2024-10-23 16:13:44.130 | INFO     | __main__:train:126 - 李慕站在山路上，深深的呼吸口气，说道：[ U N K ][ U N K ]
2024-10-23 16:15:18.311 | INFO     | __main__:train:124 - =========
第7轮平均loss:3.649511
2024-10-23 16:15:18.471 | INFO     | __main__:train:125 - 让他在半年之前，就不能做出来这么好了，我们的事情，我有什么事情
2024-10-23 16:15:18.544 | INFO     | __main__:train:126 - 李慕站在山路上，深深的呼吸口气，说道：[ U N K ][ U N K ]
2024-10-23 16:16:53.784 | INFO     | __main__:train:124 - =========
第8轮平均loss:3.619786
2024-10-23 16:16:53.948 | INFO     | __main__:train:125 - 让他在半年之前，就不能做出来的事情，敢怠慢慢慢慢慢慢慢慢慢慢慢
2024-10-23 16:16:54.019 | INFO     | __main__:train:126 - 李慕站在山路上，深深的呼吸口气，说道：[ U N K ][ U N K ]
2024-10-23 16:18:26.536 | INFO     | __main__:train:124 - =========
第9轮平均loss:3.591547
2024-10-23 16:18:26.706 | INFO     | __main__:train:125 - 让他在半年之前，就不能做出面对付出来，他们的亲眼看到了一个月，
2024-10-23 16:18:26.806 | INFO     | __main__:train:126 - 李慕站在山路上，深深的呼吸口气，背后，说道：[ U N K ]
2024-10-23 16:20:30.025 | INFO     | __main__:train:124 - =========
第10轮平均loss:3.555741
2024-10-23 16:20:30.354 | INFO     | __main__:train:125 - 让他在半年之前，就不能做出什么事情，他们的事情，他们的事情，就
2024-10-23 16:20:30.489 | INFO     | __main__:train:126 - 李慕站在山路上，深深的呼吸口气，说道：[ U N K ][ U N K ]
2024-10-23 16:24:12.486 | INFO     | __main__:train:124 - =========
第11轮平均loss:3.531125
2024-10-23 16:24:12.724 | INFO     | __main__:train:125 - 让他在半年之前，就不能做出的享受到了。[ U N K ]，他们
2024-10-23 16:24:12.957 | INFO     | __main__:train:126 - 李慕站在山路上，深深的呼吸急促成吸口气，说道：[ U N K ]
2024-10-23 16:26:24.152 | INFO     | __main__:train:124 - =========
第12轮平均loss:3.514152
2024-10-23 16:26:24.478 | INFO     | __main__:train:125 - 让他在半年之前，就不能做出什么好好事情，他们也没有再说什么好好
2024-10-23 16:26:24.650 | INFO     | __main__:train:126 - 李慕站在山路上，深深的呼吸急急促，说道：[ U N K ]你们
2024-10-23 16:29:01.344 | INFO     | __main__:train:124 - =========
第13轮平均loss:3.493861
2024-10-23 16:29:01.654 | INFO     | __main__:train:125 - 让他在半年之前，就不能做出了，这么一定是他们的事情，他们的事情
2024-10-23 16:29:01.784 | INFO     | __main__:train:126 - 李慕站在山路上，深深的呼吸口气，说道：[ U N K ][ U N K ]
2024-10-23 16:32:50.836 | INFO     | __main__:train:124 - =========
第14轮平均loss:3.469974
2024-10-23 16:32:51.167 | INFO     | __main__:train:125 - 让他在半年之前，就不能做出来，他们还是不是一种不会让他们的，但
2024-10-23 16:32:51.342 | INFO     | __main__:train:126 - 李慕站在山路上，深深的呼吸口气，说道：[ U N K ]我们的
2024-10-23 16:36:38.139 | INFO     | __main__:train:124 - =========
第15轮平均loss:3.452925
2024-10-23 16:36:38.456 | INFO     | __main__:train:125 - 让他在半年之前，就不能做出了，他们的修行，与此同时间，他们的修
2024-10-23 16:36:38.589 | INFO     | __main__:train:126 - 李慕站在山路上，深深的呼吸口气，说道：[ U N K ][ U N K ]
2024-10-23 16:38:12.949 | INFO     | __main__:train:124 - =========
第16轮平均loss:3.442714
2024-10-23 16:38:13.036 | INFO     | __main__:train:125 - 让他在半年之前，就不能做出来，他们的事情[ U N K ]老王
2024-10-23 16:38:13.157 | INFO     | __main__:train:126 - 李慕站在山路上，深深的呼吸急促成了一声音传来，说道：[ U N K ]
2024-10-23 16:39:44.766 | INFO     | __main__:train:124 - =========
第17轮平均loss:3.428515
2024-10-23 16:39:44.922 | INFO     | __main__:train:125 - 让他在半年之前，就不能做出什么事情已经是他们也不是一个人类似乎
2024-10-23 16:39:45.008 | INFO     | __main__:train:126 - 李慕站在山路上，深深的呼吸急促使，说道：[ U N K ]第一
2024-10-23 16:41:16.055 | INFO     | __main__:train:124 - =========
第18轮平均loss:3.394122
2024-10-23 16:41:16.156 | INFO     | __main__:train:125 - 让他在半年之前，就不能做出了。[ U N K ]李慕早课道钟之
2024-10-23 16:41:16.249 | INFO     | __main__:train:126 - 李慕站在山路上，深深的呼吸急促使道：[ U N K ]李慕，我
2024-10-23 16:42:46.959 | INFO     | __main__:train:124 - =========
第19轮平均loss:3.393171
2024-10-23 16:42:47.127 | INFO     | __main__:train:125 - 让他在半年之前，就不能做出这样的事情况下去，他们会有一个人类似
2024-10-23 16:42:47.235 | INFO     | __main__:train:126 - 李慕站在山路上，深深的呼吸口气，看着他们，说道：[ U N K ]
2024-10-23 16:44:20.942 | INFO     | __main__:train:124 - =========
第20轮平均loss:3.388334
2024-10-23 16:44:21.132 | INFO     | __main__:train:125 - 让他在半年之前，就不能做出来，他们的事情况且，他们的事情况且，
2024-10-23 16:44:21.226 | INFO     | __main__:train:126 - 李慕站在山路上，深深的呼吸口气，说道：[ U N K ]李慕，
2024-10-23 16:45:54.656 | INFO     | __main__:train:124 - =========
第21轮平均loss:3.370326
2024-10-23 16:45:54.827 | INFO     | __main__:train:125 - 让他在半年之前，就不能做出这么了，他们的事情，最好了，他们的事
2024-10-23 16:45:54.916 | INFO     | __main__:train:126 - 李慕站在山路上，深深的呼吸口气，说道：[ U N K ]李慕，
2024-10-23 16:47:27.093 | INFO     | __main__:train:124 - =========
第22轮平均loss:3.363068
2024-10-23 16:47:27.269 | INFO     | __main__:train:125 - 让他在半年之前，就不能做出这样修行，他的事情况下去，他们就是一
2024-10-23 16:47:27.365 | INFO     | __main__:train:126 - 李慕站在山路上，深深的呼吸口游方向，说道：[ U N K ]第
2024-10-23 16:48:59.676 | INFO     | __main__:train:124 - =========
第23轮平均loss:3.348333
2024-10-23 16:48:59.839 | INFO     | __main__:train:125 - 让他在半年之前，就不能做出这么好了，李慕不是他想要将其实现在的
2024-10-23 16:48:59.925 | INFO     | __main__:train:126 - 李慕站在山路上，深深的呼吸口气，说道：[ U N K ]第二十
2024-10-23 16:50:30.650 | INFO     | __main__:train:124 - =========
第24轮平均loss:3.336491
2024-10-23 16:50:30.765 | INFO     | __main__:train:125 - 让他在半年之前，就不能做出这么欺负我们的好了。[ U N K ]
2024-10-23 16:50:30.856 | INFO     | __main__:train:126 - 李慕站在山路上，深深的呼吸口气，说道：[ U N K ]第一个
2024-10-23 16:52:06.147 | INFO     | __main__:train:124 - =========
第25轮平均loss:3.334819
2024-10-23 16:52:06.257 | INFO     | __main__:train:125 - 让他在半年之前，就不能做出这么好了。[ U N K ]第五境的
2024-10-23 16:52:06.354 | INFO     | __main__:train:126 - 李慕站在山路上，深深的呼吸口气，说道：[ U N K ]第五人
2024-10-23 16:53:38.663 | INFO     | __main__:train:124 - =========
第26轮平均loss:3.316847
2024-10-23 16:53:38.828 | INFO     | __main__:train:125 - 让他在半年之前，就不能做出这么好，他们不用担心，我们的事情，我
2024-10-23 16:53:38.912 | INFO     | __main__:train:126 - 李慕站在山路上，深深的呼吸口气，说道：[ U N K ]第一声
2024-10-23 16:55:10.076 | INFO     | __main__:train:124 - =========
第27轮平均loss:3.307594
2024-10-23 16:55:10.228 | INFO     | __main__:train:125 - 让他在半年之前，就不能做出这三位洞玄宗的强者，他们的实力，但他
2024-10-23 16:55:10.319 | INFO     | __main__:train:126 - 李慕站在山路上，深深的呼吸口气，说道：[ U N K ]第一句
2024-10-23 16:57:11.916 | INFO     | __main__:train:124 - =========
第28轮平均loss:3.312806
2024-10-23 16:57:12.238 | INFO     | __main__:train:125 - 让他在半年之前，就不能做出来，但他们离开神都是一定下去了，他们
2024-10-23 16:57:12.419 | INFO     | __main__:train:126 - 李慕站在山路上，深深的呼吸口气，说道：[ U N K ]第二日
2024-10-23 16:59:37.405 | INFO     | __main__:train:124 - =========
第29轮平均loss:3.303831
2024-10-23 16:59:37.563 | INFO     | __main__:train:125 - 让他在半年之前，就不能做出这么好了，他们的事情绪，刊印象不能够
2024-10-23 16:59:37.652 | INFO     | __main__:train:126 - 李慕站在山路上，深深的呼吸口气，说道：[ U N K ]第一个
2024-10-23 17:01:07.866 | INFO     | __main__:train:124 - =========
第30轮平均loss:3.280016
2024-10-23 17:01:07.954 | INFO     | __main__:train:125 - 让他在半年之前，就不能做出这样了。[ U N K ]一定是他们
2024-10-23 17:01:08.089 | INFO     | __main__:train:126 - 李慕站在山路上，深深的呼吸口中间，李慕看着一瞬间，说道：[ U N K ]
2024-10-23 17:02:34.818 | INFO     | __main__:train:124 - =========
第31轮平均loss:3.272109
2024-10-23 17:02:34.967 | INFO     | __main__:train:125 - 让他在半年之前，就不能做出一些事情况下，他们的事情况下，他们的
2024-10-23 17:02:35.124 | INFO     | __main__:train:126 - 李慕站在山路上，深深的呼吸急迫切的声音中带着急急转而易主意，说
2024-10-23 17:04:03.374 | INFO     | __main__:train:124 - =========
第32轮平均loss:3.267850
2024-10-23 17:04:03.531 | INFO     | __main__:train:125 - 让他在半年之前，就不能做出来，他们的事情绪之前，他们的事情绪之
2024-10-23 17:04:03.616 | INFO     | __main__:train:126 - 李慕站在山路上，深深的呼吸了一声音中，说道：[ U N K ]
2024-10-23 17:05:34.949 | INFO     | __main__:train:124 - =========
第33轮平均loss:3.275337
2024-10-23 17:05:35.106 | INFO     | __main__:train:125 - 让他在半年之前，就不能做出这么做，这么做尽快就是他们的事情况下
2024-10-23 17:05:35.199 | INFO     | __main__:train:126 - 李慕站在山路上，深深的呼吸口气，问道：[ U N K ]第一个
2024-10-23 17:07:05.120 | INFO     | __main__:train:124 - =========
第34轮平均loss:3.261422
2024-10-23 17:07:05.277 | INFO     | __main__:train:125 - 让他在半年之前，就不能做出这么是他们的事情，他们的事情节严重查
2024-10-23 17:07:05.370 | INFO     | __main__:train:126 - 李慕站在山路上，深深的呼吸口气，说道：[ U N K ]第一点
2024-10-23 17:08:33.267 | INFO     | __main__:train:124 - =========
第35轮平均loss:3.253274
2024-10-23 17:08:33.437 | INFO     | __main__:train:125 - 让他在半年之前，就不能做出这么好好好好，他们一个月来，他们一个
2024-10-23 17:08:33.539 | INFO     | __main__:train:126 - 李慕站在山路上，深深的呼吸口气，说道：[ U N K ]第五日
2024-10-23 17:10:04.483 | INFO     | __main__:train:124 - =========
第36轮平均loss:3.241656
2024-10-23 17:10:04.645 | INFO     | __main__:train:125 - 让他在半年之前，就不能做出这么会被人知道，他们愕然后悔改变成为
2024-10-23 17:10:04.738 | INFO     | __main__:train:126 - 李慕站在山路上，深深的呼吸口气，说道：[ U N K ]第一口
2024-10-23 17:11:43.583 | INFO     | __main__:train:124 - =========
第37轮平均loss:3.228168
2024-10-23 17:11:43.773 | INFO     | __main__:train:125 - 让他在半年之前，就不能做出这样，他们的东西，他们一定住的事情况
2024-10-23 17:11:43.869 | INFO     | __main__:train:126 - 李慕站在山路上，深深的呼吸口气，说道：[ U N K ]第一点
2024-10-23 17:13:16.581 | INFO     | __main__:train:124 - =========
第38轮平均loss:3.231272
2024-10-23 17:13:16.721 | INFO     | __main__:train:125 - 让他在半年之前，就不能做出这么好好好好好好好好的事情了。[ U N K ]
2024-10-23 17:13:16.809 | INFO     | __main__:train:126 - 李慕站在山路上，深深的呼吸口气，说道：[ U N K ]李慕，
2024-10-23 17:14:45.635 | INFO     | __main__:train:124 - =========
第39轮平均loss:3.222185
2024-10-23 17:14:45.795 | INFO     | __main__:train:125 - 让他在半年之前，就不能做出一定下来这么多久，他们的事件事情绪，
2024-10-23 17:14:45.885 | INFO     | __main__:train:126 - 李慕站在山路上，深深的呼吸收了一口气，说道：[ U N K ]
2024-10-23 17:16:19.025 | INFO     | __main__:train:124 - =========
第40轮平均loss:3.219680
2024-10-23 17:16:19.180 | INFO     | __main__:train:125 - 让他在半年之前，就不能做出这么做的事情况，他们的事情况，他们的
2024-10-23 17:16:19.279 | INFO     | __main__:train:126 - 李慕站在山路上，深深的呼吸口气，说道：[ U N K ]第五年
2024-10-23 17:18:07.308 | INFO     | __main__:train:124 - =========
第41轮平均loss:3.215179
2024-10-23 17:18:07.471 | INFO     | __main__:train:125 - 让他在半年之前，就不能做出这株连接受到这么多了，他们的事情况下
2024-10-23 17:18:07.574 | INFO     | __main__:train:126 - 李慕站在山路上，深深的呼吸口气，说道：[ U N K ]第二十
2024-10-23 17:19:40.128 | INFO     | __main__:train:124 - =========
第42轮平均loss:3.198559
2024-10-23 17:19:40.281 | INFO     | __main__:train:125 - 让他在半年之前，就不能做出这么样的事情况下来，但他们的事情况下
2024-10-23 17:19:40.376 | INFO     | __main__:train:126 - 李慕站在山路上，深深的呼吸口气，说道：[ U N K ]李慕的
2024-10-23 17:21:09.378 | INFO     | __main__:train:124 - =========
第43轮平均loss:3.205125
2024-10-23 17:21:09.538 | INFO     | __main__:train:125 - 让他在半年之前，就不能做出一个月亮的事情况下一个月。他抹去找到
2024-10-23 17:21:09.628 | INFO     | __main__:train:126 - 李慕站在山路上，深深的呼吸口气，说道：[ U N K ]第一声
2024-10-23 17:22:41.380 | INFO     | __main__:train:124 - =========
第44轮平均loss:3.192077
2024-10-23 17:22:41.531 | INFO     | __main__:train:125 - 让他在半年之前，就不能做出这么样了。李慕和李慕一样的事情绪的事
2024-10-23 17:22:41.615 | INFO     | __main__:train:126 - 李慕站在山路上，深深的呼吸口气的气的说道：[ U N K ]李
2024-10-23 17:24:12.948 | INFO     | __main__:train:124 - =========
第45轮平均loss:3.185918
2024-10-23 17:24:13.055 | INFO     | __main__:train:125 - 让他在半年之前，就不能做出这么了，他们一起了[ U N K ]
2024-10-23 17:24:13.162 | INFO     | __main__:train:126 - 李慕站在山路上，深深的呼吸口气，说道：[ U N K ]多了一
2024-10-23 17:25:44.651 | INFO     | __main__:train:124 - =========
第46轮平均loss:3.191770
2024-10-23 17:25:44.802 | INFO     | __main__:train:125 - 让他在半年之前，就不能做出这么做到这么做，等到这么多久，他们的
2024-10-23 17:25:44.893 | INFO     | __main__:train:126 - 李慕站在山路上，深深的呼吸口中，说道：[ U N K ]第一声
2024-10-23 17:27:16.358 | INFO     | __main__:train:124 - =========
第47轮平均loss:3.165351
2024-10-23 17:27:16.428 | INFO     | __main__:train:125 - 让他在半年之前，就不能做出来，这样[ U N K ]这样[ U N K ]
2024-10-23 17:27:16.522 | INFO     | __main__:train:126 - 李慕站在山路上，深深的呼吸口中，说道：[ U N K ]第一个
2024-10-23 17:28:42.141 | INFO     | __main__:train:124 - =========
第48轮平均loss:3.179788
2024-10-23 17:28:42.292 | INFO     | __main__:train:125 - 让他在半年之前，就不能做出这么好好好好好事情，这么好像是一样，
2024-10-23 17:28:42.443 | INFO     | __main__:train:126 - 李慕站在山路上，深深的呼吸口气，缓缓缓缓缓缓缓缓走出来。李慕的
2024-10-23 17:30:11.090 | INFO     | __main__:train:124 - =========
第49轮平均loss:3.172948
2024-10-23 17:30:11.250 | INFO     | __main__:train:125 - 让他在半年之前，就不能做出这么了，他们的事情骂俏脸上次的人，这
2024-10-23 17:30:11.371 | INFO     | __main__:train:126 - 李慕站在山路上，深深的呼吸口气氛忽然低下来，说道：[ U N K ]
2024-10-23 17:31:37.280 | INFO     | __main__:train:124 - =========
第50轮平均loss:3.152943
2024-10-23 17:31:37.430 | INFO     | __main__:train:125 - 让他在半年之前，就不能做出了，接近乎每次的事态度闪失败了。李慕
2024-10-23 17:31:37.514 | INFO     | __main__:train:126 - 李慕站在山路上，深深的呼吸口气，说道：[ U N K ]第二十
