2024-10-31 13:33:42.907 | INFO     | __main__:main:100 - =========
第1轮平均loss:9.058006
2024-10-31 13:33:43.222 | INFO     | __main__:main:101 - [CLS] 北 京 明 年 拟 推 工 作 日 半 价 观 看 电 影 [SEP] ， ， ， ， ， 培 ， ， ， item 姓 ，崔 ， ， ， ， ， ， ， ， ， ， ， ， ， ， 撞 ， ， たと ， ， ，
2024-10-31 13:33:43.552 | INFO     | __main__:main:102 - [CLS] 南 京 一 合 金 厂 锅 炉 发 生 爆 炸 [SEP] ， ， ， ， ， ， ， ， ， ， ， ， ， ， ， ， ， ， ， ， ， ， ， ， ， ， 什 ， ， ， ， ， ， ， ， ， ，
2024-10-31 13:33:48.969 | INFO     | __main__:main:100 - =========
第2轮平均loss:6.569282
2024-10-31 13:33:49.282 | INFO     | __main__:main:101 - [CLS] 北 京 明 年 拟 推 工 作 日 半 价 观 看 电 影 [SEP] 中 国 的 一 一 一 一 一 一 一 一 一 一唔 [PAD] [PAD] [PAD] [PAD] [PAD] [PAD] [PAD] [PAD] [PAD] [PAD] [PAD] [PAD] [PAD] [PAD] [PAD] [PAD] [PAD] [PAD] [PAD] [PAD]
2024-10-31 13:33:49.612 | INFO     | __main__:main:102 - [CLS] 南 京 一 合 金 厂 锅 炉 发 生 爆 炸 [SEP] 中 司 的 一 一 一 一 一 一 一 开 的 [UNK] [UNK] [UNK] [UNK] [UNK] [UNK] [UNK] [UNK] [UNK] [UNK] [UNK] [UNK] 手 [UNK] [UNK] [UNK] [UNK] [UNK] 涵 [UNK] [UNK] [UNK] [UNK] [UNK] [UNK]
2024-10-31 13:33:55.025 | INFO     | __main__:main:100 - =========
第3轮平均loss:5.634550
2024-10-31 13:33:55.328 | INFO     | __main__:main:101 - [CLS] 北 京 明 年 拟 推 工 作 日 半 价 观 看 电 影 [SEP] 中 国 家 的 一 个 的 ， 述 ， 会 的 一 个 的 [UNK] [UNK] [UNK] [UNK] [UNK] [UNK] [UNK] [UNK] [UNK] [UNK] [UNK] [UNK] [UNK] [UNK] [UNK] [UNK] [UNK] [UNK] 生
2024-10-31 13:33:55.654 | INFO     | __main__:main:102 - [CLS] 南 京 一 合 金 厂 锅 炉 发 生 爆 炸 [SEP] 中 国 家 的 一 个 的 一 个 生 的 ， [UNK] [UNK] [UNK] [UNK] [UNK] [UNK] [UNK] 大 学 生 的 的 [UNK] [UNK] " [UNK] [UNK] [UNK] [UNK] [UNK] [UNK] [UNK] [UNK] [UNK] [UNK]
2024-10-31 13:34:01.002 | INFO     | __main__:main:100 - =========
第4轮平均loss:4.894102
2024-10-31 13:34:01.310 | INFO     | __main__:main:101 - [CLS] 北 京 明 年 拟 推 工 作 日 半 价 观 看 电 影 [SEP] 中 国 新 闻 ， 这 是 [UNK] [UNK] [UNK] [UNK] [UNK] [UNK] [UNK] [UNK] [UNK] [UNK] [UNK] [UNK] [UNK] [UNK] [UNK] [UNK] [UNK] 周 刊 ， 在 中 国 际 ， [UNK] [UNK]
2024-10-31 13:34:01.639 | INFO     | __main__:main:102 - [CLS] 南 京 一 合 金 厂 锅 炉 发 生 爆 炸 [SEP] 信 息 ， 德 国 家 的 兰 ， 这 是 [UNK] 着 [UNK] [UNK] [UNK] [UNK] [UNK] [UNK] [UNK] [UNK] [UNK] [UNK] [UNK] [UNK] [UNK] [UNK] [UNK] [UNK] [UNK] [UNK] [UNK] [UNK] [UNK] [UNK] [UNK] [UNK]
2024-10-31 13:34:07.054 | INFO     | __main__:main:100 - =========
第5轮平均loss:4.328504
2024-10-31 13:34:07.362 | INFO     | __main__:main:101 - [CLS] 北 京 明 年 拟 推 工 作 日 半 价 观 看 电 影 [SEP] 今 日 ， 他 们 的 一 个 人 的 一 个 人 的 一 个 人 员 ， [UNK] [UNK] [UNK] [UNK] [UNK] [UNK] [UNK] [UNK] [UNK] [UNK] [UNK] [UNK] [UNK] [UNK] [UNK]
2024-10-31 13:34:07.700 | INFO     | __main__:main:102 - [CLS] 南 京 一 合 金 厂 锅 炉 发 生 爆 炸 [SEP] 今 天 ， 他 们 的 一 个 人 的 一 个 人 本 周 刊 ， 他 们 的 一 个 人 的 [UNK] [UNK] [UNK] [UNK] [UNK] [UNK] [UNK] [UNK] [UNK] [UNK] [UNK] [UNK] [UNK]
2024-10-31 13:34:13.124 | INFO     | __main__:main:100 - =========
第6轮平均loss:3.761672
2024-10-31 13:34:13.443 | INFO     | __main__:main:101 - [CLS] 北 京 明 年 拟 推 工 作 日 半 价 观 看 电 影 [SEP] 昨 日 ， 一 个 年 ， 这 往 意 大 家 人 员 ， 在 中 国 家 的 一 个 人 员 ， 他 们 的 人 员 起 一 些 农
2024-10-31 13:34:13.812 | INFO     | __main__:main:102 - [CLS] 南 京 一 合 金 厂 锅 炉 发 生 爆 炸 [SEP] 今 天 上 午 ， 一 个 人 员 ， 这 下 午 ， 尽 后 ， 他 们 的 一 个 人 员 ， 他 们 的 一 个 人 员 ， 他 城 市 的
2024-10-31 13:34:19.640 | INFO     | __main__:main:100 - =========
第7轮平均loss:3.222427
2024-10-31 13:34:19.967 | INFO     | __main__:main:101 - [CLS] 北 京 明 年 拟 推 工 作 日 半 价 观 看 电 影 [SEP] 据 中 国 新 闻 发 布 的 中 国 新 闻 发 布 的 一 名 学 播 ， 他 们 被 查 。 该 如 何 么 么 ？ [UNK] [UNK] 的
2024-10-31 13:34:20.320 | INFO     | __main__:main:102 - [CLS] 南 京 一 合 金 厂 锅 炉 发 生 爆 炸 [SEP] 据 中 国 新 闻 发 布 的 一 名 学 生 产 品 的 一 无 奈 形 [UNK] 的 地 下 午 ， 在 2013 年 6 月 份 ， 他 们 的 一 个
2024-10-31 13:34:26.136 | INFO     | __main__:main:100 - =========
第8轮平均loss:2.649875
2024-10-31 13:34:26.452 | INFO     | __main__:main:101 - [CLS] 北 京 明 年 拟 推 工 作 日 半 价 观 看 电 影 [SEP] 据 中 国 新 闻 》 ， 国 际 乒 乓 涟 [PAD] [PAD] [PAD] [PAD] [PAD] [PAD] [PAD] [PAD] [PAD] [PAD] [PAD] [PAD] [PAD] [PAD] [PAD] [PAD] [PAD] [PAD] [PAD] [PAD] [PAD] [PAD]
2024-10-31 13:34:26.795 | INFO     | __main__:main:102 - [CLS] 南 京 一 合 金 厂 锅 炉 发 生 爆 炸 [SEP] 今 天 价 格 ， 中 国 新 闻 发 布 会 ， 一 个 订 单 位 于 爆 炸 核 心 区 的 一 个 订 单 位 于 1059 年 的 快 递
2024-10-31 13:34:32.572 | INFO     | __main__:main:100 - =========
第9轮平均loss:2.182390
2024-10-31 13:34:32.898 | INFO     | __main__:main:101 - [CLS] 北 京 明 年 拟 推 工 作 日 半 价 观 看 电 影 [SEP] 中 国 新 闻 发 布 会 ， 国 家 文 物 保 湿 面 积 累 不 大 ， 责 人 士 丹 利 、 36 名 学 生 ， 也 可 能
2024-10-31 13:34:33.244 | INFO     | __main__:main:102 - [CLS] 南 京 一 合 金 厂 锅 炉 发 生 爆 炸 [SEP] 中 国 新 闻 发 布 会 ， 国 家 文 物 保 护 单 位 的 一 个 订 单 位 的 时 间 ， 上 ， 不 是 儿 童 ， 他 的 父 亲
2024-10-31 13:34:41.958 | INFO     | __main__:main:100 - =========
第10轮平均loss:1.753568
2024-10-31 13:34:42.653 | INFO     | __main__:main:101 - [CLS] 北 京 明 年 拟 推 工 作 日 半 价 观 看 电 影 [SEP] 据 厦 门 网 ， 厦 门 市 一 定 的 电 影 时 报 告 诉 记 者 ， 像 福 建 议 ， 在 美 国 家 文 物 保 护 单
2024-10-31 13:34:43.397 | INFO     | __main__:main:102 - [CLS] 南 京 一 合 金 厂 锅 炉 发 生 爆 炸 [SEP] 今 天 白 天 价 格 ， 关 键 区 域 的 一 个 订 单 公 司 发 布 的 ， 不 是 从 政 策 的 情 况 不 改 变 ， 也 不 是
2024-10-31 13:34:58.528 | INFO     | __main__:main:100 - =========
第11轮平均loss:1.382837
2024-10-31 13:34:59.205 | INFO     | __main__:main:101 - [CLS] 北 京 明 年 拟 推 工 作 日 半 价 观 看 电 影 [SEP] 据 厦 门 网 ， 厦 门 市 6 月 7 日 发 布 的 [UNK] 公 交 车 纵 火 案 遇 难 者 遗 体 身 份 鉴 定 工 作 已
2024-10-31 13:34:59.931 | INFO     | __main__:main:102 - [CLS] 南 京 一 合 金 厂 锅 炉 发 生 爆 炸 [SEP] 今 天 白 天 傍 晚 5 分 钟 ， 在 中 向 他 们 默 哀 。 [UNK] 中 央 视 新 闻 周 刊 独 家 里 的 父 亲 和 姐 姐 高 玮
2024-10-31 13:35:14.717 | INFO     | __main__:main:100 - =========
第12轮平均loss:1.089994
2024-10-31 13:35:15.411 | INFO     | __main__:main:101 - [CLS] 北 京 明 年 拟 推 工 作 日 半 价 观 看 电 影 [SEP] 据 厦 门 网 ， 厦 门 市 6 月 7 日 发 布 的 胸 罩 的 面 积 与 两 个 人 来 自 己 的 本 能 。 目 前 六
2024-10-31 13:35:16.140 | INFO     | __main__:main:102 - [CLS] 南 京 一 合 金 厂 锅 炉 发 生 爆 炸 [SEP] 中 心 举 行 的 一 步 加 收 2. 5 万 例 不 姻 的 法 院 在 美 国 的 名 单 公 司 发 生 产 品 企 业 内 てす 。 该
2024-10-31 13:35:31.128 | INFO     | __main__:main:100 - =========
第13轮平均loss:0.806312
2024-10-31 13:35:31.819 | INFO     | __main__:main:101 - [CLS] 北 京 明 年 拟 推 工 作 日 半 价 观 看 电 影 [SEP] 据 厦 门 网 ， 厦 门 市 6 月 7 日 发 布 的 [UNK] 公 交 车 纵 火 案 遇 难 者 遗 体 身 份 鉴 定 工 作 已
2024-10-31 13:35:32.539 | INFO     | __main__:main:102 - [CLS] 南 京 一 合 金 厂 锅 炉 发 生 爆 炸 [SEP] 今 天 北 京 周 边 的 养 猪 场 关 键 区 域 的 实 现 场 ， 主 帅 范 围 公 司 内 ， 广 州 市 荣 山 洞 绑 架 一 位
2024-10-31 13:35:47.390 | INFO     | __main__:main:100 - =========
第14轮平均loss:0.547828
2024-10-31 13:35:48.083 | INFO     | __main__:main:101 - [CLS] 北 京 明 年 拟 推 工 作 日 半 价 观 看 电 影 [SEP] 据 厦 门 网 ， 厦 门 市 6 月 7 日 发 布 的 [UNK] 公 交 车 纵 火 案 遇 难 者 遗 体 身 份 鉴 定 工 作 已
2024-10-31 13:35:48.811 | INFO     | __main__:main:102 - [CLS] 南 京 一 合 金 厂 锅 炉 发 生 爆 炸 [SEP] 今 天 いて 人 口 ， 南 京 市 翁 家 营 66 号 浦 江 稀 土 合 金 涨 价 格 ， 不 是 否 就 能 提 高 记 忆 力 、 考 得
2024-10-31 13:36:03.681 | INFO     | __main__:main:100 - =========
第15轮平均loss:0.373452
2024-10-31 13:36:04.376 | INFO     | __main__:main:101 - [CLS] 北 京 明 年 拟 推 工 作 日 半 价 观 看 电 影 [SEP] 据 厦 门 网 1 击 电 影 处 唱 上 电 媒 体 曝 出 瑞 士 制 药 巨 头 罗 氏 药 业 因 隐 瞒 1. 5 万 例
2024-10-31 13:36:05.099 | INFO     | __main__:main:102 - [CLS] 南 京 一 合 金 厂 锅 炉 发 生 爆 炸 [SEP] 今 天 北 京 周 五 每 天 医 疗 话 题 ， 但 蓝 色 内 裤 ， 其 中 一 建 议 ： [UNK] 喝 了 能 提 高 记 忆 力 、 考 得
2024-10-31 13:36:18.738 | INFO     | __main__:main:100 - =========
第16轮平均loss:0.266734
2024-10-31 13:36:19.051 | INFO     | __main__:main:101 - [CLS] 北 京 明 年 拟 推 工 作 日 半 价 观 看 电 影 [SEP] 18 日 北 京 广 电 局 电 影 处 处 神 秘 的 农 民 工 作 场 所 室 内 环 境 及 公 司 发 布 的 全 球 最 惠
2024-10-31 13:36:19.379 | INFO     | __main__:main:102 - [CLS] 南 京 一 合 金 厂 锅 炉 发 生 爆 炸 [SEP] 今 天 北 京 周 五 每 天 召 ， 一 半 左 右 ， 位 于 西 安 西 郊 昆 明 路 一 建 筑 工 地 发 生 脚 手 架 坍 塌 ，
2024-10-31 13:36:24.736 | INFO     | __main__:main:100 - =========
第17轮平均loss:0.177068
2024-10-31 13:36:25.050 | INFO     | __main__:main:101 - [CLS] 北 京 明 年 拟 推 工 作 日 半 价 观 看 电 影 [SEP] 18 日 陕 西 省 神 木 县 官 方 面 举 行 的 《 电 影 《 电 影 《 我 不 是 潘 金 莲 》 主 创 见 面 会 ，
2024-10-31 13:36:25.386 | INFO     | __main__:main:102 - [CLS] 南 京 一 合 金 厂 锅 炉 发 生 爆 炸 [SEP] 今 天 （ 2013 年 6 月 份 统 计 月 份 统 计 月 份 在 沪 深 两 市 环 境 内 上 路 上 ， 北 京 全 市 翁 家 营 66 号
2024-10-31 13:36:30.696 | INFO     | __main__:main:100 - =========
第18轮平均loss:0.126040
2024-10-31 13:36:31.011 | INFO     | __main__:main:101 - [CLS] 北 京 明 年 拟 推 工 作 日 半 价 观 看 电 影 [SEP] 18 日 北 京 广 电 局 电 影 处 实 施 步 伐 围 公 布 了 第 七 批 全 国 重 点 文 物 保 护 单 位 的 名 录
2024-10-31 13:36:31.351 | INFO     | __main__:main:102 - [CLS] 南 京 一 合 金 厂 锅 炉 发 生 爆 炸 [SEP] 今 天 北 京 周 五 每 天 白 天 上 午 或 下 午 或 下 午 推 出 半 左 右 ， 位 于 广 州 南 京 市 翁 家 营 66 号 浦
2024-10-31 13:36:36.701 | INFO     | __main__:main:100 - =========
第19轮平均loss:0.087588
2024-10-31 13:36:37.010 | INFO     | __main__:main:101 - [CLS] 北 京 明 年 拟 推 工 作 日 半 价 观 看 电 影 [SEP] 18 日 北 京 广 电 局 电 影 处 处 长 王 健 表 示 ， 北 京 明 年 有 望 从 周 一 到 周 五 每 天 上 午 或
2024-10-31 13:36:37.344 | INFO     | __main__:main:102 - [CLS] 南 京 一 合 金 厂 锅 炉 发 生 爆 炸 [SEP] 今 天 北 京 周 五 每 天 傍 晚 5 点 半 左 右 ， 给 了 雇 来 的 家 里 戴 着 安 排 每 一 天 上 海 虽 然 很 热掀
2024-10-31 13:36:42.688 | INFO     | __main__:main:100 - =========
第20轮平均loss:0.067249
2024-10-31 13:36:43.001 | INFO     | __main__:main:101 - [CLS] 北 京 明 年 拟 推 工 作 日 半 价 观 看 电 影 [SEP] 18 日 北 京 广 电 局 电 影 处 处 长 王 健 表 示 ， 北 京 明 年 有 望 从 周 一 到 周 五 每 天 上 午 或
2024-10-31 13:36:43.331 | INFO     | __main__:main:102 - [CLS] 南 京 一 合 金 厂 锅 炉 发 生 爆 炸 [SEP] 今 天 北 京 周 五 每 年 配 额 都 市 翁 家 营 66 号 浦 江 稀 土 合 金 有 限 公 司 内 ， 广 州 市 翁 家 营 66 号
2024-10-31 13:36:49.156 | INFO     | __main__:main:100 - =========
第21轮平均loss:0.054723
2024-10-31 13:36:49.477 | INFO     | __main__:main:101 - [CLS] 北 京 明 年 拟 推 工 作 日 半 价 观 看 电 影 [SEP] 18 日 北 京 广 电 局 电 影 处 处 长 王 健 表 示 ， 北 京 明 年 有 望 从 周 一 到 周 五 每 天 上 午 或
2024-10-31 13:36:49.817 | INFO     | __main__:main:102 - [CLS] 南 京 一 合 金 厂 锅 炉 发 生 爆 炸 [SEP] 今 天 北 京 周 五 每 天 傍 晚 5 点 半 左 右 ， 合 金 有 限 公 司 内 ， 一 搅 拌 硅 土 时 发 生 爆 炸 ， 消 防
2024-10-31 13:36:55.642 | INFO     | __main__:main:100 - =========
第22轮平均loss:0.044145
2024-10-31 13:36:55.953 | INFO     | __main__:main:101 - [CLS] 北 京 明 年 拟 推 工 作 日 半 价 观 看 电 影 [SEP] 18 日 北 京 广 电 局 电 影 处 处 长 王 健 表 示 ， 北 京 明 年 有 望 从 周 一 到 周 五 每 天 上 午 或
2024-10-31 13:36:56.293 | INFO     | __main__:main:102 - [CLS] 南 京 一 合 金 厂 锅 炉 发 生 爆 炸 [SEP] 今 天 （ 27 日 ） 上 午 10 : 43 左 右 ， 正 在鑒 [PAD] [PAD] [PAD] [PAD] [PAD] [PAD] [PAD] [PAD] [PAD] [PAD] [PAD] [PAD] [PAD] [PAD] [PAD] [PAD] [PAD] 赶 赴 现
2024-10-31 13:37:02.112 | INFO     | __main__:main:100 - =========
第23轮平均loss:0.035889
2024-10-31 13:37:02.426 | INFO     | __main__:main:101 - [CLS] 北 京 明 年 拟 推 工 作 日 半 价 观 看 电 影 [SEP] 18 日 北 京 广 电 局 电 影 处 处 长 王 健 表 示 ， 北 京 明 年 有 望 从 周 一 到 周 五 每 天 上 午 或
2024-10-31 13:37:02.784 | INFO     | __main__:main:102 - [CLS] 南 京 一 合 金 厂 锅 炉 发 生 爆 炸 [SEP] 今 天 北 京 周 五 每 天 傍 晚 5 点 半 左 右 ， 南 京 市 翁 家 营 66 号 浦 江 稀 土 合 金 有 限 公 司 内 ， 一
2024-10-31 13:37:08.574 | INFO     | __main__:main:100 - =========
第24轮平均loss:0.031510
2024-10-31 13:37:08.899 | INFO     | __main__:main:101 - [CLS] 北 京 明 年 拟 推 工 作 日 半 价 观 看 电 影 [SEP] 18 日 北 京 广 电 局 电 影 处 处 长 王 健 表 示 ， 北 京 明 年 有 望 从 周 一 到 周 五 每 天 上 午 或
2024-10-31 13:37:09.244 | INFO     | __main__:main:102 - [CLS] 南 京 一 合 金 厂 锅 炉 发 生 爆 炸 [SEP] 今 天 北 京 周 五 每 天 召 开 [UNK] 白 天 价 却 当 白 天 价 却 当 白 菜 抢 的 时 间 。 5 日 陕 西 省 神 木 县 官
2024-10-31 13:37:15.084 | INFO     | __main__:main:100 - =========
第25轮平均loss:0.027594
2024-10-31 13:37:15.410 | INFO     | __main__:main:101 - [CLS] 北 京 明 年 拟 推 工 作 日 半 价 观 看 电 影 [SEP] 18 日 北 京 广 电 局 电 影 处 处 长 王 健 表 示 ， 北 京 明 年 有 望 从 周 一 到 周 五 每 天 上 午 或
2024-10-31 13:37:15.754 | INFO     | __main__:main:102 - [CLS] 南 京 一 合 金 厂 锅 炉 发 生 爆 炸 [SEP] 今 天 北 京 周 五 李 晓 霞 和 一 路 上 山 ， 一 路 买 门 票 。 整 个 山 体 面 积 为 282 平 方 公 里 的 庐 山 ，
2024-10-31 13:37:21.550 | INFO     | __main__:main:100 - =========
第26轮平均loss:0.024598
2024-10-31 13:37:21.873 | INFO     | __main__:main:101 - [CLS] 北 京 明 年 拟 推 工 作 日 半 价 观 看 电 影 [SEP] 18 日 北 京 广 电 局 电 影 处 处 长 王 健 表 示 ， 北 京 明 年 有 望 从 周 一 到 周 五 每 天 上 午 或
2024-10-31 13:37:22.215 | INFO     | __main__:main:102 - [CLS] 南 京 一 合 金 厂 锅 炉 发 生 爆 炸 [SEP] 今 天 （ 27 日 ） 上 午 10 : 43 左 右 ， 正 在 5 小 伙 冒 寒 入 水 帮 忙 打 捞 钱 包 ， 其 中 包 内 有 多 张
2024-10-31 13:37:30.607 | INFO     | __main__:main:100 - =========
第27轮平均loss:0.022224
2024-10-31 13:37:31.749 | INFO     | __main__:main:101 - [CLS] 北 京 明 年 拟 推 工 作 日 半 价 观 看 电 影 [SEP] 18 日 北 京 广 电 局 电 影 处 处 长 王 健 表 示 ， 北 京 明 年 有 望 从 周 一 到 周 五 每 天 上 午 或
2024-10-31 13:37:32.546 | INFO     | __main__:main:102 - [CLS] 南 京 一 合 金 厂 锅 炉 发 生 爆 炸 [SEP] 今 天 （ 27 日 ） 上 午 10 : 43 左 右 ， 正 在 操 作 ， 发 现 一 艘 从 利 比 亚 横 渡 地 中 海 开 始 了 解 到
2024-10-31 13:37:49.167 | INFO     | __main__:main:100 - =========
第28轮平均loss:0.020246
2024-10-31 13:37:49.867 | INFO     | __main__:main:101 - [CLS] 北 京 明 年 拟 推 工 作 日 半 价 观 看 电 影 [SEP] 18 日 北 京 广 电 局 电 影 处 处 长 王 健 表 示 ， 北 京 明 年 有 望 从 周 一 到 周 二 上 调 查 发 布
2024-10-31 13:37:50.593 | INFO     | __main__:main:102 - [CLS] 南 京 一 合 金 厂 锅 炉 发 生 爆 炸 [SEP] 今 天 （ 27 日 ） 上 午 10 : 43 左 右 ， 正 在 操 作 ， 中 下 路 上 工 作 ， 正 在 张 掖 ） 上 午 或 下 午 推
2024-10-31 13:38:05.858 | INFO     | __main__:main:100 - =========
第29轮平均loss:0.018481
2024-10-31 13:38:06.557 | INFO     | __main__:main:101 - [CLS] 北 京 明 年 拟 推 工 作 日 半 价 观 看 电 影 [SEP] 18 日 北 京 广 电 局 电 影 处 处 长 王 健 表 示 ， 北 京 明 年 有 望 从 周 一 到 周 五 每 天 上 午 或
2024-10-31 13:38:07.285 | INFO     | __main__:main:102 - [CLS] 南 京 一 合 金 厂 锅 炉 发 生 爆 炸 [SEP] 今 天 （ 27 日 ） 上 午 10 : 43 左 右 ， 正 在 操 作 ， 发 现 一 艘 从 利 比 亚 横 渡 地 中 海 开 始 了 解 到
2024-10-31 13:38:23.070 | INFO     | __main__:main:100 - =========
第30轮平均loss:0.017130
2024-10-31 13:38:24.005 | INFO     | __main__:main:101 - [CLS] 北 京 明 年 拟 推 工 作 日 半 价 观 看 电 影 [SEP] 18 日 北 京 广 电 局 电 影 处 处 长 王 健 表 示 ， 北 京 明 年 有 望 从 周 一 到 周 五 每 天 上 午 或
2024-10-31 13:38:24.906 | INFO     | __main__:main:102 - [CLS] 南 京 一 合 金 厂 锅 炉 发 生 爆 炸 [SEP] 昨 天 傍 晚 5 点 半 左 右 ， 南 京 市 翁 家 营 66 号 浦 江 稀 安 倍 晋 三 在 哈 得 孙 研 究 所 发 表 讲 话 ，
2024-10-31 13:38:48.455 | INFO     | __main__:main:100 - =========
第31轮平均loss:0.015972
2024-10-31 13:38:49.850 | INFO     | __main__:main:101 - [CLS] 北 京 明 年 拟 推 工 作 日 半 价 观 看 电 影 [SEP] 18 日 北 京 广 电 局 电 影 处 处 长 王 健 表 示 ， 北 京 明 年 有 望 从 周 一 到 周 五 每 天 上 午 或
2024-10-31 13:38:51.264 | INFO     | __main__:main:102 - [CLS] 南 京 一 合 金 厂 锅 炉 发 生 爆 炸 [SEP] 今 天 （ 17 日 ） 上 午 ， 中 下 午 10 点 半 左 右 ， 南 京 市 翁 家 营 66 号 浦 江 稀 土 合 金 有 限 公 司 内
2024-10-31 13:39:19.906 | INFO     | __main__:main:100 - =========
第32轮平均loss:0.014546
2024-10-31 13:39:21.280 | INFO     | __main__:main:101 - [CLS] 北 京 明 年 拟 推 工 作 日 半 价 观 看 电 影 [SEP] 18 日 北 京 广 电 局 电 影 处 处 长 王 健 表 示 ， 北 京 明 年 有 望 从 周 一 到 周 五 每 天 上 午 或
2024-10-31 13:39:22.542 | INFO     | __main__:main:102 - [CLS] 南 京 一 合 金 厂 锅 炉 发 生 爆 炸 [SEP] 今 天 （ 17 日 ） 上 午 10 : 43 左 右 ， 正 在 操 作 ， 发 生 爆 炸 核 心 区 的 一 个 城 市 环 境 内 ， 约 400
2024-10-31 13:39:51.059 | INFO     | __main__:main:100 - =========
第33轮平均loss:0.014739
2024-10-31 13:39:52.322 | INFO     | __main__:main:101 - [CLS] 北 京 明 年 拟 推 工 作 日 半 价 观 看 电 影 [SEP] 18 日 北 京 广 电 局 电 影 处 处 长 王 健 表 示 ， 北 京 明 年 有 望 从 周 一 到 周 五 每 天 上 午 或
2024-10-31 13:39:53.488 | INFO     | __main__:main:102 - [CLS] 南 京 一 合 金 厂 锅 炉 发 生 爆 炸 [SEP] 今 天 （ 17 日 ） 上 午 10 : 43 左 右 ， 正 在 操 作 ， 其 死 亡 占 早 死 总 人 数 75 % 。 我 国 现 有 超 过
2024-10-31 13:40:21.501 | INFO     | __main__:main:100 - =========
第34轮平均loss:0.013180
2024-10-31 13:40:22.835 | INFO     | __main__:main:101 - [CLS] 北 京 明 年 拟 推 工 作 日 半 价 观 看 电 影 [SEP] 18 日 北 京 广 电 局 电 影 处 处 长 王 健 表 示 ， 北 京 明 年 有 望 从 周 一 到 周 五 每 天 上 午 或
2024-10-31 13:40:24.294 | INFO     | __main__:main:102 - [CLS] 南 京 一 合 金 厂 锅 炉 发 生 爆 炸 [SEP] 今 天 （ 17 日 ） 下 午 10 : 43 左 右 ， 正 在 操 作 ， 其 中 一 阿 富 汗 学 生 良 反 映 ， 公 司 内 有 限 公
2024-10-31 13:40:52.610 | INFO     | __main__:main:100 - =========
第35轮平均loss:0.012891
2024-10-31 13:40:53.887 | INFO     | __main__:main:101 - [CLS] 北 京 明 年 拟 推 工 作 日 半 价 观 看 电 影 [SEP] 18 日 北 京 广 电 局 电 影 处 处 长 王 健 表 示 ， 北 京 明 年 有 望 从 周 一 到 周 五 每 天 上 午 或
2024-10-31 13:40:55.300 | INFO     | __main__:main:102 - [CLS] 南 京 一 合 金 厂 锅 炉 发 生 爆 炸 [SEP] 今 天 北 京 周 五 每 天 上 午 10 点 29 分 许 ， 天 涯 海 角 游 览 区 的 海 面 上 惊 现 [UNK] 云 中 邮 轮 [UNK] 奇 观
2024-10-31 13:41:23.643 | INFO     | __main__:main:100 - =========
第36轮平均loss:0.012284
2024-10-31 13:41:24.949 | INFO     | __main__:main:101 - [CLS] 北 京 明 年 拟 推 工 作 日 半 价 观 看 电 影 [SEP] 18 日 北 京 广 电 局 电 影 处 处 长 王 健 表 示 ， 北 京 明 年 有 望 从 周 一 到 周 五 每 天 上 午 或
2024-10-31 13:41:26.180 | INFO     | __main__:main:102 - [CLS] 南 京 一 合 金 厂 锅 炉 发 生 爆 炸 [SEP] 今 天 北 京 周 五 每 天 上 午 10 点 29 分 许 ， 天 涯 海 角 游 览 区 的 海 面 上 惊 现 [UNK] 云 中 邮 轮 [UNK] 奇 观
2024-10-31 13:41:41.648 | INFO     | __main__:main:100 - =========
第37轮平均loss:0.011947
2024-10-31 13:41:42.318 | INFO     | __main__:main:101 - [CLS] 北 京 明 年 拟 推 工 作 日 半 价 观 看 电 影 [SEP] 18 日 北 京 广 电 局 电 影 处 处 长 王 健 表 示 ， 北 京 明 年 有 望 从 周 一 到 周 五 每 天 上 午 或
2024-10-31 13:41:43.039 | INFO     | __main__:main:102 - [CLS] 南 京 一 合 金 厂 锅 炉 发 生 爆 炸 [SEP] 今 天 弾 袭 击 北 京 广 电 局 电 影 处 处 长 王 健 表 示 ， 北 京 明 年 有 望 从 周 一 到 周 五 每 天 上 午 或
2024-10-31 13:41:57.789 | INFO     | __main__:main:100 - =========
第38轮平均loss:0.011274
2024-10-31 13:41:58.468 | INFO     | __main__:main:101 - [CLS] 北 京 明 年 拟 推 工 作 日 半 价 观 看 电 影 [SEP] 18 日 北 京 广 电 局 电 影 处 处 长 王 健 表 示 ， 北 京 明 年 有 望 从 周 一 到 周 五 每 天 上 午 或
2024-10-31 13:41:59.187 | INFO     | __main__:main:102 - [CLS] 南 京 一 合 金 厂 锅 炉 发 生 爆 炸 [SEP] 今 天 北 京 周 五 每 天 涯 海 角 游 览 区 的 海 面 上 海 市 范 围 公 共 资 源 配 置 情 况 不 改 变 ， 继 续 涨
2024-10-31 13:42:13.906 | INFO     | __main__:main:100 - =========
第39轮平均loss:0.010506
2024-10-31 13:42:14.607 | INFO     | __main__:main:101 - [CLS] 北 京 明 年 拟 推 工 作 日 半 价 观 看 电 影 [SEP] 18 日 北 京 广 电 局 电 影 处 处 长 王 健 表 示 ， 北 京 明 年 有 望 从 周 一 到 周 五 每 天 上 午 或
2024-10-31 13:42:15.341 | INFO     | __main__:main:102 - [CLS] 南 京 一 合 金 厂 锅 炉 发 生 爆 炸 [SEP] 美 国 调 中 国 北 京 广 电 局 电 影 处 处 长 王 健 表 示 ， 北 京 明 年 有 望 从 周 一陪 [PAD] [PAD] [PAD] [PAD] [PAD] [PAD] [PAD]
2024-10-31 13:42:30.104 | INFO     | __main__:main:100 - =========
第40轮平均loss:0.010123
2024-10-31 13:42:30.818 | INFO     | __main__:main:101 - [CLS] 北 京 明 年 拟 推 工 作 日 半 价 观 看 电 影 [SEP] 18 日 北 京 广 电 局 电 影 处 处 长 王 健 表 示 ， 北 京 明 年 有 望 从 周 一 到 周 五 每 天 上 午 或
2024-10-31 13:42:31.538 | INFO     | __main__:main:102 - [CLS] 南 京 一 合 金 厂 锅 炉 发 生 爆 炸 [SEP] 今 天 北 京 周 五 每 天 上 午 10 点 29 分 许 ， 天 涯 海 角 游 览 区 的 海 面 上 惊 现 [UNK] 云 中 邮 轮 [UNK] 奇 观
2024-10-31 13:42:46.342 | INFO     | __main__:main:100 - =========
第41轮平均loss:0.009609
2024-10-31 13:42:47.027 | INFO     | __main__:main:101 - [CLS] 北 京 明 年 拟 推 工 作 日 半 价 观 看 电 影 [SEP] 18 日 北 京 广 电 局 电 影 处 处 长 王 健 表 示 ， 北 京 明 年 有 望 从 周 一 到 周 五 每 天 上 午 或
2024-10-31 13:42:47.741 | INFO     | __main__:main:102 - [CLS] 南 京 一 合 金 厂 锅 炉 发 生 爆 炸 [SEP] 今 天 北 京 周 五 每 天 上 午 10 点 29 分 许 ， 天 涯 海 角 游 览 区 的 海 面 上 惊 现 [UNK] 云 中 邮 轮 [UNK] 奇 观
2024-10-31 13:42:56.361 | INFO     | __main__:main:100 - =========
第42轮平均loss:0.009521
2024-10-31 13:42:56.670 | INFO     | __main__:main:101 - [CLS] 北 京 明 年 拟 推 工 作 日 半 价 观 看 电 影 [SEP] 18 日 北 京 广 电 局 电 影 处 处 长 王 健 表 示 ， 北 京 明 年 有 望 从 周 一 到 周 五 每 天 上 午 或
2024-10-31 13:42:57.000 | INFO     | __main__:main:102 - [CLS] 南 京 一 合 金 厂 锅 炉 发 生 爆 炸 [SEP] 今 天 北 京 周 五 每 天 上 午 10 点 29 分 许 ， 天 涯 海 角 游 览 区 的 海 面 上 惊 现 [UNK] 云 中 邮 轮 [UNK] 奇 观
2024-10-31 13:43:02.299 | INFO     | __main__:main:100 - =========
第43轮平均loss:0.008991
2024-10-31 13:43:02.610 | INFO     | __main__:main:101 - [CLS] 北 京 明 年 拟 推 工 作 日 半 价 观 看 电 影 [SEP] 18 日 北 京 广 电 局 电 影 处 处 长 王 健 表 示 ， 北 京 明 年 有 望 从 周 一 到 周 五 每 天 上 午 或
2024-10-31 13:43:02.946 | INFO     | __main__:main:102 - [CLS] 南 京 一 合 金 厂 锅 炉 发 生 爆 炸 [SEP] 今 天 北 京 市 翁 家 营 66 号 浦 江 稀 土 合 金 有 限 公 司 内 ， 一 名 20 岁 准 备 买 房 、 公 司 内 被 戏 称
2024-10-31 13:43:08.252 | INFO     | __main__:main:100 - =========
第44轮平均loss:0.008733
2024-10-31 13:43:08.552 | INFO     | __main__:main:101 - [CLS] 北 京 明 年 拟 推 工 作 日 半 价 观 看 电 影 [SEP] 18 日 北 京 广 电 局 电 影 处 处 长 王 健 表 示 ， 北 京 明 年 有 望 从 周 一 到 周 五 每 天 上 午 或
2024-10-31 13:43:08.879 | INFO     | __main__:main:102 - [CLS] 南 京 一 合 金 厂 锅 炉 发 生 爆 炸 [SEP] 今 天 北 京 周 五 每 天 上 午 10 点 29 分 许 ， 天 涯 海 角 游 览 区 的 海 面 上 惊 现 [UNK] 云 中 邮 轮 [UNK] 奇 观
2024-10-31 13:43:14.216 | INFO     | __main__:main:100 - =========
第45轮平均loss:0.008240
2024-10-31 13:43:14.530 | INFO     | __main__:main:101 - [CLS] 北 京 明 年 拟 推 工 作 日 半 价 观 看 电 影 [SEP] 18 日 北 京 广 电 局 电 影 处 处 长 王 健 表 示 ， 北 京 明 年 有 望 从 周 一 到 周 五 每 天 上 午 或
2024-10-31 13:43:14.879 | INFO     | __main__:main:102 - [CLS] 南 京 一 合 金 厂 锅 炉 发 生 爆 炸 [SEP] 今 天 北 京 周 五 每 天 上 午 10 点 29 分 许 ， 天 涯 海 角 游 览 区 的 海 面 上 惊 现 [UNK] 云 中 邮 轮 [UNK] 奇 观
2024-10-31 13:43:20.320 | INFO     | __main__:main:100 - =========
第46轮平均loss:0.007729
2024-10-31 13:43:20.635 | INFO     | __main__:main:101 - [CLS] 北 京 明 年 拟 推 工 作 日 半 价 观 看 电 影 [SEP] 18 日 北 京 广 电 局 电 影 处 处 长 王 健 表 示 ， 北 京 明 年 有 望 从 周 一 到 周 五 每 天 上 午 或
2024-10-31 13:43:20.977 | INFO     | __main__:main:102 - [CLS] 南 京 一 合 金 厂 锅 炉 发 生 爆 炸 [SEP] 今 天 北 京 周 五 每 天 上 午 10 点 29 分 许 ， 天 召 ， 在 北 京 市 翁 家 营 66 号 浦 江 稀 土 合 金 有 限 公
2024-10-31 13:43:26.727 | INFO     | __main__:main:100 - =========
第47轮平均loss:0.007443
2024-10-31 13:43:27.042 | INFO     | __main__:main:101 - [CLS] 北 京 明 年 拟 推 工 作 日 半 价 观 看 电 影 [SEP] 18 日 北 京 广 电 局 电 影 处 处 长 王 健 表 示 ， 北 京 明 年 有 望 从 周 一 到 周 五 每 天 上 午 或
2024-10-31 13:43:27.384 | INFO     | __main__:main:102 - [CLS] 南 京 一 合 金 厂 锅 炉 发 生 爆 炸 [SEP] 今 天 北 京 周 五 每 天 上 午 10 点 29 分 许 ， 天 涯 海 角 游 览 区 的 海 面 上 惊 现 [UNK] 云 中 邮 轮 [UNK] 奇 观
2024-10-31 13:43:33.115 | INFO     | __main__:main:100 - =========
第48轮平均loss:0.007398
2024-10-31 13:43:33.423 | INFO     | __main__:main:101 - [CLS] 北 京 明 年 拟 推 工 作 日 半 价 观 看 电 影 [SEP] 18 日 北 京 广 电 局 电 影 处 处 长 王 健 表 示 ， 北 京 明 年 有 望 从 周 一 到 周 五 每 天 上 午 或
2024-10-31 13:43:33.767 | INFO     | __main__:main:102 - [CLS] 南 京 一 合 金 厂 锅 炉 发 生 爆 炸 [SEP] 今 天 （ 27 日 18 日 ） 下 午 10 点 29 分 许 ， 天 涯 海 角 游 览 区 的 海 面 上 惊 现 [UNK] 云 中 邮 轮 [UNK] 奇 观
2024-10-31 13:43:39.734 | INFO     | __main__:main:100 - =========
第49轮平均loss:0.007046
2024-10-31 13:43:40.066 | INFO     | __main__:main:101 - [CLS] 北 京 明 年 拟 推 工 作 日 半 价 观 看 电 影 [SEP] 18 日 北 京 广 电 局 电 影 处 处 长 王 健 表 示 ， 北 京 明 年 有 望 从 周 一 到 周 五 每 天 上 午 或
2024-10-31 13:43:40.412 | INFO     | __main__:main:102 - [CLS] 南 京 一 合 金 厂 锅 炉 发 生 爆 炸 [SEP] 今 天 北 京 周 五 每 天 上 午 10 点 29 分 许 ， 天 涯 海 角 游 览 区 的 海 面 上 惊 现 [UNK] 云 中 邮 轮 [UNK] 奇 观
2024-10-31 13:43:50.253 | INFO     | __main__:main:100 - =========
第50轮平均loss:0.006714
2024-10-31 13:43:50.958 | INFO     | __main__:main:101 - [CLS] 北 京 明 年 拟 推 工 作 日 半 价 观 看 电 影 [SEP] 18 日 北 京 广 电 局 电 影 处 处 长 王 健 表 示 ， 北 京 明 年 有 望 从 周 一 到 周 五 每 天 上 午 或
2024-10-31 13:43:51.676 | INFO     | __main__:main:102 - [CLS] 南 京 一 合 金 厂 锅 炉 发 生 爆 炸 [SEP] 今 天 北 京 周 五 每 天 上 午 10 点 29 分 许 ， 天 涯 海 角 游 览 区 的 海 面 上 惊 现 [UNK] 云 中 邮 轮 [UNK] 奇 观
2024-10-31 13:44:06.527 | INFO     | __main__:main:100 - =========